app/build/intermediates/manifest_merge_blame_file/debug/manifest-merger-blame-debug-report.txt
1<?xml version="1.0" encoding="utf-8"?>
2<manifest xmlns:android="http://schemas.android.com/apk/res/android"
3    package="com.example.nothing"
4    android:versionCode="1"
5    android:versionName="1.0" >
6
7    <uses-sdk
8        android:minSdkVersion="21"
8-->src\main\AndroidManifest.xml
9        android:targetSdkVersion="32" />
9-->src\main\AndroidManifest.xml
10
11    <uses-permission-sdk-23 android:name="android.permission.INTERNET" />
11-->src\main\AndroidManifest.xml:5:5-74
11-->src\main\AndroidManifest.xml:5:29-71
12
13    <application
13-->src\main\AndroidManifest.xml:7:5-47:19
14        android:allowBackup="true"
14-->src\main\AndroidManifest.xml:8:9-35
15        android:appComponentFactory="androidx.core.app.CoreComponentFactory"
15-->[androidx.core:core:1.8.0] AndroidManifest.xml:24:18-86
16        android:debuggable="true"
17        android:icon="@mipmap/ic_launcher"
17-->src\main\AndroidManifest.xml:9:9-43
18        android:label="@string/app_name"
18-->src\main\AndroidManifest.xml:10:9-41
19        android:roundIcon="@mipmap/ic_launcher_round"
19-->src\main\AndroidManifest.xml:11:9-54
20        android:supportsRtl="true"
20-->src\main\AndroidManifest.xml:12:9-35
21        android:testOnly="true"
22        android:theme="@style/Theme.Nothing" >
22-->src\main\AndroidManifest.xml:13:9-45
23        <activity
23-->src\main\AndroidManifest.xml:14:9-16:40
24            android:name="com.example.nothing.MainActivity9"
24-->src\main\AndroidManifest.xml:15:13-42
25            android:exported="false" />
25-->src\main\AndroidManifest.xml:16:13-37
26        <activity
26-->src\main\AndroidManifest.xml:17:9-19:40
27            android:name="com.example.nothing.MainActivity8"
27-->src\main\AndroidManifest.xml:18:13-42
28            android:exported="false" />
28-->src\main\AndroidManifest.xml:19:13-37
29        <activity
29-->src\main\AndroidManifest.xml:20:9-22:40
30            android:name="com.example.nothing.MainActivity7"
30-->src\main\AndroidManifest.xml:21:13-42
31            android:exported="false" />
31-->src\main\AndroidManifest.xml:22:13-37
32        <activity
32-->src\main\AndroidManifest.xml:23:9-25:40
33            android:name="com.example.nothing.MainActivity6"
33-->src\main\AndroidManifest.xml:24:13-42
34            android:exported="false" />
34-->src\main\AndroidManifest.xml:25:13-37
35        <activity
35-->src\main\AndroidManifest.xml:26:9-28:40
36            android:name="com.example.nothing.MainActivity5"
36-->src\main\AndroidManifest.xml:27:13-42
37            android:exported="false" />
37-->src\main\AndroidManifest.xml:28:13-37
38        <activity
38-->src\main\AndroidManifest.xml:29:9-31:40
39            android:name="com.example.nothing.MainActivity4"
39-->src\main\AndroidManifest.xml:30:13-42
40            android:exported="false" />
40-->src\main\AndroidManifest.xml:31:13-37
41        <activity
41-->src\main\AndroidManifest.xml:32:9-34:40
42            android:name="com.example.nothing.MainActivity3"
42-->src\main\AndroidManifest.xml:33:13-42
43            android:exported="false" />
43-->src\main\AndroidManifest.xml:34:13-37
44        <activity
44-->src\main\AndroidManifest.xml:35:9-37:40
45            android:name="com.example.nothing.MainActivity2"
45-->src\main\AndroidManifest.xml:36:13-42
46            android:exported="false" />
46-->src\main\AndroidManifest.xml:37:13-37
47        <activity
47-->src\main\AndroidManifest.xml:38:9-46:20
48            android:name="com.example.nothing.MainActivity"
48-->src\main\AndroidManifest.xml:39:13-41
49            android:exported="true" >
49-->src\main\AndroidManifest.xml:40:13-36
50            <intent-filter>
50-->src\main\AndroidManifest.xml:41:13-45:29
51                <action android:name="android.intent.action.MAIN" />
51-->src\main\AndroidManifest.xml:42:17-69
51-->src\main\AndroidManifest.xml:42:25-66
52
53                <category android:name="android.intent.category.LAUNCHER" />
53-->src\main\AndroidManifest.xml:44:17-77
53-->src\main\AndroidManifest.xml:44:27-74
54            </intent-filter>
55        </activity>
56
57        <provider
57-->[androidx.emoji2:emoji2:1.2.0] AndroidManifest.xml:24:9-32:20
58            android:name="androidx.startup.InitializationProvider"
58-->[androidx.emoji2:emoji2:1.2.0] AndroidManifest.xml:25:13-67
59            android:authorities="com.example.nothing.androidx-startup"
59-->[androidx.emoji2:emoji2:1.2.0] AndroidManifest.xml:26:13-68
60            android:exported="false" >
60-->[androidx.emoji2:emoji2:1.2.0] AndroidManifest.xml:27:13-37
61            <meta-data
61-->[androidx.emoji2:emoji2:1.2.0] AndroidManifest.xml:29:13-31:52
62                android:name="androidx.emoji2.text.EmojiCompatInitializer"
62-->[androidx.emoji2:emoji2:1.2.0] AndroidManifest.xml:30:17-75
63                android:value="androidx.startup" />
63-->[androidx.emoji2:emoji2:1.2.0] AndroidManifest.xml:31:17-49
64            <meta-data
64-->[androidx.lifecycle:lifecycle-process:2.4.1] AndroidManifest.xml:31:13-33:52
65                android:name="androidx.lifecycle.ProcessLifecycleInitializer"
65-->[androidx.lifecycle:lifecycle-process:2.4.1] AndroidManifest.xml:32:17-78
66                android:value="androidx.startup" />
66-->[androidx.lifecycle:lifecycle-process:2.4.1] AndroidManifest.xml:33:17-49
67        </provider>
68    </application>
69
70</manifest>